<?xml version="1.0" encoding="UTF-8"?>
<testsuite xmlns:xsi="http://www.w3.org/2001/XMLSchema-instance" xsi:noNamespaceSchemaLocation="https://maven.apache.org/surefire/maven-surefire-plugin/xsd/surefire-test-report-3.0.xsd" version="3.0" name="com.example.movieticketbooking.controller.MovieTicketBookingIntegrationTest" time="16.943" tests="4" errors="0" skipped="0" failures="0">
  <properties>
[...]
</properties>
  <testcase name="shouldRejectOverlappingShowsOnSameScreenAndDate" classname="com.example.movieticketbooking.controller.MovieTicketBookingIntegrationTest" time="2.17">
    <system-out><![CDATA[14:34:40.782 [main] INFO org.springframework.test.context.support.AnnotationConfigContextLoaderUtils -- Could not detect default configuration classes for test class [com.example.movieticketbooking.controller.MovieTicketBookingIntegrationTest]: MovieTicketBookingIntegrationTest does not declare any static, non-private, non-final, nested classes annotated with @Configuration.
14:34:41.433 [main] INFO org.springframework.boot.test.context.SpringBootTestContextBootstrapper -- Found @SpringBootConfiguration com.example.movieticketbooking.MovieTicketBookingApplication for test class com.example.movieticketbooking.controller.MovieTicketBookingIntegrationTest

  .   ____          _            __ _ _
 /\\ / ___'_ __ _ _(_)_ __  __ _ \ \ \ \
( ( )\___ | '_ | '_| | '_ \/ _` | \ \ \ \
 \\/  ___)| |_)| | | | | || (_| |  ) ) ) )
  '  |____| .__|_| |_|_| |_\__, | / / / /
 =========|_|==============|___/=/_/_/_/

 :: Spring Boot ::                (v3.3.5)

2026-04-23T14:34:42.972+05:30  INFO 14500 --- [book-my-movie] [           main] .e.m.c.MovieTicketBookingIntegrationTest : Starting MovieTicketBookingIntegrationTest using Java 17.0.10 with PID 14500 (started by anand in F:\2026_1\BookMyMovie)
2026-04-23T14:34:42.975+05:30  INFO 14500 --- [book-my-movie] [           main] .e.m.c.MovieTicketBookingIntegrationTest : The following 1 profile is active: "test"
2026-04-23T14:34:44.806+05:30  INFO 14500 --- [book-my-movie] [           main] .s.d.r.c.RepositoryConfigurationDelegate : Bootstrapping Spring Data JPA repositories in DEFAULT mode.
2026-04-23T14:34:44.969+05:30  INFO 14500 --- [book-my-movie] [           main] .s.d.r.c.RepositoryConfigurationDelegate : Finished Spring Data repository scanning in 137 ms. Found 5 JPA repository interfaces.
2026-04-23T14:34:46.104+05:30  INFO 14500 --- [book-my-movie] [           main] o.hibernate.jpa.internal.util.LogHelper  : HHH000204: Processing PersistenceUnitInfo [name: default]
2026-04-23T14:34:46.294+05:30  INFO 14500 --- [book-my-movie] [           main] org.hibernate.Version                    : HHH000412: Hibernate ORM core version 6.5.3.Final
2026-04-23T14:34:46.405+05:30  INFO 14500 --- [book-my-movie] [           main] o.h.c.internal.RegionFactoryInitiator    : HHH000026: Second-level cache disabled
2026-04-23T14:34:47.181+05:30  INFO 14500 --- [book-my-movie] [           main] o.s.o.j.p.SpringPersistenceUnitInfo      : No LoadTimeWeaver setup: ignoring JPA class transformer
2026-04-23T14:34:47.296+05:30  INFO 14500 --- [book-my-movie] [           main] com.zaxxer.hikari.HikariDataSource       : HikariPool-1 - Starting...
2026-04-23T14:34:47.885+05:30  INFO 14500 --- [book-my-movie] [           main] com.zaxxer.hikari.pool.HikariPool        : HikariPool-1 - Added connection conn0: url=jdbc:h2:mem:moviedb user=SA
2026-04-23T14:34:47.889+05:30  INFO 14500 --- [book-my-movie] [           main] com.zaxxer.hikari.HikariDataSource       : HikariPool-1 - Start completed.
2026-04-23T14:34:50.833+05:30  INFO 14500 --- [book-my-movie] [           main] o.h.e.t.j.p.i.JtaPlatformInitiator       : HHH000489: No JTA platform available (set 'hibernate.transaction.jta.platform' to enable JTA platform integration)
2026-04-23T14:34:51.011+05:30  INFO 14500 --- [book-my-movie] [           main] j.LocalContainerEntityManagerFactoryBean : Initialized JPA EntityManagerFactory for persistence unit 'default'
2026-04-23T14:34:51.776+05:30  INFO 14500 --- [book-my-movie] [           main] o.s.d.j.r.query.QueryEnhancerFactory     : Hibernate is in classpath; If applicable, HQL parser will be used.
2026-04-23T14:34:54.219+05:30  INFO 14500 --- [book-my-movie] [           main] o.s.b.t.m.w.SpringBootMockServletContext : Initializing Spring TestDispatcherServlet ''
2026-04-23T14:34:54.220+05:30  INFO 14500 --- [book-my-movie] [           main] o.s.t.web.servlet.TestDispatcherServlet  : Initializing Servlet ''
2026-04-23T14:34:54.227+05:30  INFO 14500 --- [book-my-movie] [           main] o.s.t.web.servlet.TestDispatcherServlet  : Completed initialization in 3 ms
2026-04-23T14:34:54.292+05:30  INFO 14500 --- [book-my-movie] [           main] .e.m.c.MovieTicketBookingIntegrationTest : Started MovieTicketBookingIntegrationTest in 12.197 seconds (process running for 15.304)
]]></system-out>
  </testcase>
  <testcase name="shouldRejectShowCreationForInactiveMovie" classname="com.example.movieticketbooking.controller.MovieTicketBookingIntegrationTest" time="0.115"/>
  <testcase name="shouldBrowseTheatresAndShowTimingsForMovieCityAndDate" classname="com.example.movieticketbooking.controller.MovieTicketBookingIntegrationTest" time="0.406"/>
  <testcase name="shouldCreateAndListCities" classname="com.example.movieticketbooking.controller.MovieTicketBookingIntegrationTest" time="0.166">
    <system-out><![CDATA[2026-04-23T14:34:57.197+05:30  INFO 14500 --- [book-my-movie] [           main] c.e.m.service.impl.CityServiceImpl       : Created city with id=4 name=Pune
]]></system-out>
  </testcase>
</testsuite>